
 ----------- The Alif Standard Library ------------- 

 --- TOKENS PREDEFINITION START --- 
10: [#ALIF]
12: 17: 19: 20: 21: 23: 24: 25: 29: 30: 
 --- TOKENS PREDEFINITION END --- 

 ----------- DEBUGING START ----------- 
10: [#ALIF]


12: {_س_ START} 

17: {
#include <iostream>
#include <chrono>
#include <thread>
#include <boost/thread/thread.hpp>
} {_س_ END} 

19: [GLOBAL-FUNCTION] [اطبع] ( [STRING الجملة]) 



20: {_س_ START} { std::cout << } {@} [C++ Local STRING (الجملة)] {@} { ; } {_س_ END} 

21: [END GLOBAL-FUNCTION] {اطبع} 



23: [GLOBAL-FUNCTION] [نم] ( [INT أجزاء_الثانية]) 



24: {_س_ START} 

25: {
long ms = (long) } {@} [C++ Local INT (أجزاء_الثانية)] {@} 

29: {;
boost::system_time t = boost::get_system_time();
t += boost::posix_time::milliseconds(ms);
boost::thread::sleep(t);
} {_س_ END} 

30: [END GLOBAL-FUNCTION] {نم} 




 ----------- DEBUGING FINISH ------------- 

 ----------- Standard Library FINISH --------------- 

 --- TOKENS PREDEFINITION START --- 
1: [#ALIF]
3: 4: 5: 6: 7: 
 --- TOKENS PREDEFINITION END --- 

 ----------- DEBUGING START ----------- 
1: [#ALIF]


3: [FUNCTION] [MAIN] 



4: [LOCAL-STRING] [كود_اللون] = [STRING_MSG ("100")] 



5: [LOCAL-STRING] [نص_ليلون] = [STRING_MSG ("نص بلون خاص")] 



6: Call Global-function [اطبع] (-[ New ARG: "\u001b[38;5;" ]--[ New ARG: + ]--[ New ARG: كود_اللون ]--[ New ARG: + ]--[ New ARG: "m" ]--[ New ARG: + ]--[ New ARG: نص_ليلون ]--[ New ARG: + ]--[ New ARG: "\u001b[0m\n" ]-[STRING_MSG ("\u001b[38;5;")] [OPERATION +] [LOCAL-STRING (كود_اللون)] [OPERATION +] [STRING_MSG ("m")] [OPERATION +] [LOCAL-STRING (نص_ليلون)] [OPERATION +] [STRING_MSG ("\u001b[0m\n")] ) 

7: [END FUNCTION] {رئيسية} 



FINAL_APPLICATION_CODE_CHECKING()... 

 ----------- DEBUGING FINISH ------------- 
